This is pdfTeX, Version 3.14159265-2.6-1.40.16 (TeX Live 2015/Debian) (preloaded format=pdflatex 2018.9.7)  10 SEP 2018 10:46
entering extended mode
 restricted \write18 enabled.
 %&-line parsing enabled.
**thesis.tex
(./thesis.tex
LaTeX2e <2016/02/01>
Babel <3.9q> and hyphenation patterns for 5 language(s) loaded.
(./unhthesis.cls
Document Class: unhthesis 2006/05/10 23:45:51 1.25 University of New Hampshire 
dissertation class
(/usr/share/texlive/texmf-dist/tex/latex/base/report.cls
Document Class: report 2014/09/29 v1.4h Standard LaTeX document class
(/usr/share/texlive/texmf-dist/tex/latex/base/size12.clo
File: size12.clo 2014/09/29 v1.4h Standard LaTeX file (size option)
)
\c@part=\count79
\c@chapter=\count80
\c@section=\count81
\c@subsection=\count82
\c@subsubsection=\count83
\c@paragraph=\count84
\c@subparagraph=\count85
\c@figure=\count86
\c@table=\count87
\abovecaptionskip=\skip41
\belowcaptionskip=\skip42
\bibindent=\dimen102
)
(/usr/share/texlive/texmf-dist/tex/latex/textcase/textcase.sty
Package: textcase 2004/10/07 v0.07 Text only upper/lower case changing (DPC)
)
(/usr/share/texlive/texmf-dist/tex/latex/etoolbox/etoolbox.sty
Package: etoolbox 2015/08/02 v2.2a e-TeX tools for LaTeX (JAW)
\etb@tempcnta=\count88
)
(/usr/share/texlive/texmf-dist/tex/latex/graphics/epsfig.sty
Package: epsfig 1999/02/16 v1.7a (e)psfig emulation (SPQR)

(/usr/share/texlive/texmf-dist/tex/latex/graphics/graphicx.sty
Package: graphicx 2014/10/28 v1.0g Enhanced LaTeX Graphics (DPC,SPQR)

(/usr/share/texlive/texmf-dist/tex/latex/graphics/keyval.sty
Package: keyval 2014/10/28 v1.15 key=value parser (DPC)
\KV@toks@=\toks14
)
(/usr/share/texlive/texmf-dist/tex/latex/graphics/graphics.sty
Package: graphics 2016/01/03 v1.0q Standard LaTeX Graphics (DPC,SPQR)

(/usr/share/texlive/texmf-dist/tex/latex/graphics/trig.sty
Package: trig 2016/01/03 v1.10 sin cos tan (DPC)
)
(/usr/share/texlive/texmf-dist/tex/latex/latexconfig/graphics.cfg
File: graphics.cfg 2010/04/23 v1.9 graphics configuration of TeX Live
)
Package graphics Info: Driver file: pdftex.def on input line 95.

(/usr/share/texlive/texmf-dist/tex/latex/pdftex-def/pdftex.def
File: pdftex.def 2011/05/27 v0.06d Graphics/color for pdfTeX

(/usr/share/texlive/texmf-dist/tex/generic/oberdiek/infwarerr.sty
Package: infwarerr 2010/04/08 v1.3 Providing info/warning/error messages (HO)
)
(/usr/share/texlive/texmf-dist/tex/generic/oberdiek/ltxcmds.sty
Package: ltxcmds 2011/11/09 v1.22 LaTeX kernel commands for general use (HO)
)
\Gread@gobject=\count89
))
\Gin@req@height=\dimen103
\Gin@req@width=\dimen104
)
\epsfxsize=\dimen105
\epsfysize=\dimen106
)
(/usr/share/texlive/texmf-dist/tex/latex/xcolor/xcolor.sty
Package: xcolor 2007/01/21 v2.11 LaTeX color extensions (UK)

(/usr/share/texlive/texmf-dist/tex/latex/latexconfig/color.cfg
File: color.cfg 2007/01/18 v1.5 color configuration of teTeX/TeXLive
)
Package xcolor Info: Driver file: pdftex.def on input line 225.
Package xcolor Info: Model `cmy' substituted by `cmy0' on input line 1337.
Package xcolor Info: Model `hsb' substituted by `rgb' on input line 1341.
Package xcolor Info: Model `RGB' extended on input line 1353.
Package xcolor Info: Model `HTML' substituted by `rgb' on input line 1355.
Package xcolor Info: Model `Hsb' substituted by `hsb' on input line 1356.
Package xcolor Info: Model `tHsb' substituted by `hsb' on input line 1357.
Package xcolor Info: Model `HSB' substituted by `hsb' on input line 1358.
Package xcolor Info: Model `Gray' substituted by `gray' on input line 1359.
Package xcolor Info: Model `wave' substituted by `hsb' on input line 1360.

(/usr/share/texlive/texmf-dist/tex/latex/graphics/dvipsnam.def
File: dvipsnam.def 2015/12/30 v3.0k Driver-dependent file (DPC,SPQR)
))
(/usr/share/texlive/texmf-dist/tex/latex/amsfonts/amssymb.sty
Package: amssymb 2013/01/14 v3.01 AMS font symbols

(/usr/share/texlive/texmf-dist/tex/latex/amsfonts/amsfonts.sty
Package: amsfonts 2013/01/14 v3.01 Basic AMSFonts support
\@emptytoks=\toks15
\symAMSa=\mathgroup4
\symAMSb=\mathgroup5
LaTeX Font Info:    Overwriting math alphabet `\mathfrak' in version `bold'
(Font)                  U/euf/m/n --> U/euf/b/n on input line 106.
))
(./unhth12pt.clo
File: unhth12pt.clo 2006/05/10 00:04:30 1.3 University of New Hampshire thesis 
(size option)
)
\c@count@FrontMatter=\count90
\c@count@Chapter=\count91
\c@count@Appendix=\count92
\c@count@BackMatter=\count93
\unhthesis@contentshangindent=\skip43
\tablenumberwidth=\skip44
\@titlecommittee=\box26
\unhthesis@basefootnotesep=\skip45
\unhthesis@baseskipfootins=\skip46
) (./preamble.tex
(/usr/share/texlive/texmf-dist/tex/latex/base/textcomp.sty
Package: textcomp 2005/09/27 v1.99g Standard LaTeX package
Package textcomp Info: Sub-encoding information:
(textcomp)               5 = only ISO-Adobe without \textcurrency
(textcomp)               4 = 5 + \texteuro
(textcomp)               3 = 4 + \textohm
(textcomp)               2 = 3 + \textestimated + \textcurrency
(textcomp)               1 = TS1 - \textcircled - \t
(textcomp)               0 = TS1 (full)
(textcomp)             Font families with sub-encoding setting implement
(textcomp)             only a restricted character set as indicated.
(textcomp)             Family '?' is the default used for unknown fonts.
(textcomp)             See the documentation for details.
Package textcomp Info: Setting ? sub-encoding to TS1/1 on input line 79.

(/usr/share/texlive/texmf-dist/tex/latex/base/ts1enc.def
File: ts1enc.def 2001/06/05 v3.0e (jk/car/fm) Standard LaTeX file
)
LaTeX Info: Redefining \oldstylenums on input line 334.
Package textcomp Info: Setting cmr sub-encoding to TS1/0 on input line 349.
Package textcomp Info: Setting cmss sub-encoding to TS1/0 on input line 350.
Package textcomp Info: Setting cmtt sub-encoding to TS1/0 on input line 351.
Package textcomp Info: Setting cmvtt sub-encoding to TS1/0 on input line 352.
Package textcomp Info: Setting cmbr sub-encoding to TS1/0 on input line 353.
Package textcomp Info: Setting cmtl sub-encoding to TS1/0 on input line 354.
Package textcomp Info: Setting ccr sub-encoding to TS1/0 on input line 355.
Package textcomp Info: Setting ptm sub-encoding to TS1/4 on input line 356.
Package textcomp Info: Setting pcr sub-encoding to TS1/4 on input line 357.
Package textcomp Info: Setting phv sub-encoding to TS1/4 on input line 358.
Package textcomp Info: Setting ppl sub-encoding to TS1/3 on input line 359.
Package textcomp Info: Setting pag sub-encoding to TS1/4 on input line 360.
Package textcomp Info: Setting pbk sub-encoding to TS1/4 on input line 361.
Package textcomp Info: Setting pnc sub-encoding to TS1/4 on input line 362.
Package textcomp Info: Setting pzc sub-encoding to TS1/4 on input line 363.
Package textcomp Info: Setting bch sub-encoding to TS1/4 on input line 364.
Package textcomp Info: Setting put sub-encoding to TS1/5 on input line 365.
Package textcomp Info: Setting uag sub-encoding to TS1/5 on input line 366.
Package textcomp Info: Setting ugq sub-encoding to TS1/5 on input line 367.
Package textcomp Info: Setting ul8 sub-encoding to TS1/4 on input line 368.
Package textcomp Info: Setting ul9 sub-encoding to TS1/4 on input line 369.
Package textcomp Info: Setting augie sub-encoding to TS1/5 on input line 370.
Package textcomp Info: Setting dayrom sub-encoding to TS1/3 on input line 371.
Package textcomp Info: Setting dayroms sub-encoding to TS1/3 on input line 372.

Package textcomp Info: Setting pxr sub-encoding to TS1/0 on input line 373.
Package textcomp Info: Setting pxss sub-encoding to TS1/0 on input line 374.
Package textcomp Info: Setting pxtt sub-encoding to TS1/0 on input line 375.
Package textcomp Info: Setting txr sub-encoding to TS1/0 on input line 376.
Package textcomp Info: Setting txss sub-encoding to TS1/0 on input line 377.
Package textcomp Info: Setting txtt sub-encoding to TS1/0 on input line 378.
Package textcomp Info: Setting lmr sub-encoding to TS1/0 on input line 379.
Package textcomp Info: Setting lmdh sub-encoding to TS1/0 on input line 380.
Package textcomp Info: Setting lmss sub-encoding to TS1/0 on input line 381.
Package textcomp Info: Setting lmssq sub-encoding to TS1/0 on input line 382.
Package textcomp Info: Setting lmvtt sub-encoding to TS1/0 on input line 383.
Package textcomp Info: Setting lmtt sub-encoding to TS1/0 on input line 384.
Package textcomp Info: Setting qhv sub-encoding to TS1/0 on input line 385.
Package textcomp Info: Setting qag sub-encoding to TS1/0 on input line 386.
Package textcomp Info: Setting qbk sub-encoding to TS1/0 on input line 387.
Package textcomp Info: Setting qcr sub-encoding to TS1/0 on input line 388.
Package textcomp Info: Setting qcs sub-encoding to TS1/0 on input line 389.
Package textcomp Info: Setting qpl sub-encoding to TS1/0 on input line 390.
Package textcomp Info: Setting qtm sub-encoding to TS1/0 on input line 391.
Package textcomp Info: Setting qzc sub-encoding to TS1/0 on input line 392.
Package textcomp Info: Setting qhvc sub-encoding to TS1/0 on input line 393.
Package textcomp Info: Setting futs sub-encoding to TS1/4 on input line 394.
Package textcomp Info: Setting futx sub-encoding to TS1/4 on input line 395.
Package textcomp Info: Setting futj sub-encoding to TS1/4 on input line 396.
Package textcomp Info: Setting hlh sub-encoding to TS1/3 on input line 397.
Package textcomp Info: Setting hls sub-encoding to TS1/3 on input line 398.
Package textcomp Info: Setting hlst sub-encoding to TS1/3 on input line 399.
Package textcomp Info: Setting hlct sub-encoding to TS1/5 on input line 400.
Package textcomp Info: Setting hlx sub-encoding to TS1/5 on input line 401.
Package textcomp Info: Setting hlce sub-encoding to TS1/5 on input line 402.
Package textcomp Info: Setting hlcn sub-encoding to TS1/5 on input line 403.
Package textcomp Info: Setting hlcw sub-encoding to TS1/5 on input line 404.
Package textcomp Info: Setting hlcf sub-encoding to TS1/5 on input line 405.
Package textcomp Info: Setting pplx sub-encoding to TS1/3 on input line 406.
Package textcomp Info: Setting pplj sub-encoding to TS1/3 on input line 407.
Package textcomp Info: Setting ptmx sub-encoding to TS1/4 on input line 408.
Package textcomp Info: Setting ptmj sub-encoding to TS1/4 on input line 409.
)
(/usr/share/texlive/texmf-dist/tex/latex/amsmath/amsmath.sty
Package: amsmath 2016/03/03 v2.15a AMS math features
\@mathmargin=\skip47

For additional information on amsmath, use the `?' option.
(/usr/share/texlive/texmf-dist/tex/latex/amsmath/amstext.sty
Package: amstext 2000/06/29 v2.01 AMS text

(/usr/share/texlive/texmf-dist/tex/latex/amsmath/amsgen.sty
File: amsgen.sty 1999/11/30 v2.0 generic functions
\@emptytoks=\toks16
\ex@=\dimen107
))
(/usr/share/texlive/texmf-dist/tex/latex/amsmath/amsbsy.sty
Package: amsbsy 1999/11/29 v1.2d Bold Symbols
\pmbraise@=\dimen108
)
(/usr/share/texlive/texmf-dist/tex/latex/amsmath/amsopn.sty
Package: amsopn 1999/12/14 v2.01 operator names
)
\inf@bad=\count94
LaTeX Info: Redefining \frac on input line 199.
\uproot@=\count95
\leftroot@=\count96
LaTeX Info: Redefining \overline on input line 297.
\classnum@=\count97
\DOTSCASE@=\count98
LaTeX Info: Redefining \ldots on input line 394.
LaTeX Info: Redefining \dots on input line 397.
LaTeX Info: Redefining \cdots on input line 518.
\Mathstrutbox@=\box27
\strutbox@=\box28
\big@size=\dimen109
LaTeX Font Info:    Redeclaring font encoding OML on input line 630.
LaTeX Font Info:    Redeclaring font encoding OMS on input line 631.
\macc@depth=\count99
\c@MaxMatrixCols=\count100
\dotsspace@=\muskip10
\c@parentequation=\count101
\dspbrk@lvl=\count102
\tag@help=\toks17
\row@=\count103
\column@=\count104
\maxfields@=\count105
\andhelp@=\toks18
\eqnshift@=\dimen110
\alignsep@=\dimen111
\tagshift@=\dimen112
\tagwidth@=\dimen113
\totwidth@=\dimen114
\lineht@=\dimen115
\@envbody=\toks19
\multlinegap=\skip48
\multlinetaggap=\skip49
\mathdisplay@stack=\toks20
LaTeX Info: Redefining \[ on input line 2735.
LaTeX Info: Redefining \] on input line 2736.
)
(/usr/share/texlive/texmf-dist/tex/latex/amscls/amsthm.sty
Package: amsthm 2015/03/04 v2.20.2
\thm@style=\toks21
\thm@bodyfont=\toks22
\thm@headfont=\toks23
\thm@notefont=\toks24
\thm@headpunct=\toks25
\thm@preskip=\skip50
\thm@postskip=\skip51
\thm@headsep=\skip52
\dth@everypar=\toks26
)
(/usr/share/texlive/texmf-dist/tex/latex/rotating/rotating.sty
Package: rotating 2009/03/28 v2.16a rotated objects in LaTeX

(/usr/share/texlive/texmf-dist/tex/latex/base/ifthen.sty
Package: ifthen 2014/09/29 v1.1c Standard LaTeX ifthen package (DPC)
)
\c@r@tfl@t=\count106
\rotFPtop=\skip53
\rotFPbot=\skip54
\rot@float@box=\box29
\rot@mess@toks=\toks27
)
(/usr/share/texlive/texmf-dist/tex/latex/base/fontenc.sty
Package: fontenc 2005/09/27 v1.99g Standard LaTeX package

(/usr/share/texlive/texmf-dist/tex/latex/base/t1enc.def
File: t1enc.def 2005/09/27 v1.99g Standard LaTeX file
LaTeX Font Info:    Redeclaring font encoding T1 on input line 48.
))
(/usr/share/texlive/texmf-dist/tex/latex/psnfss/times.sty
Package: times 2005/04/12 PSNFSS-v9.2a (SPQR) 
)
(/usr/share/texlive/texmf-dist/tex/latex/wasysym/wasysym.sty
Package: wasysym 2003/10/30 v2.0 Wasy-2 symbol support package
\symwasy=\mathgroup6
LaTeX Font Info:    Overwriting symbol font `wasy' in version `bold'
(Font)                  U/wasy/m/n --> U/wasy/b/n on input line 90.
)
(/usr/share/texlive/texmf-dist/tex/latex/comment/comment.sty
\CommentStream=\write3

Excluding comment 'comment')
(/usr/share/texlive/texmf-dist/tex/latex/titlesec/titlesec.sty
Package: titlesec 2016/03/15 v2.10.1 Sectioning titles
\ttl@box=\box30
\beforetitleunit=\skip55
\aftertitleunit=\skip56
\ttl@plus=\dimen116
\ttl@minus=\dimen117
\ttl@toksa=\toks28
\titlewidth=\dimen118
\titlewidthlast=\dimen119
\titlewidthfirst=\dimen120
)
(/usr/share/texlive/texmf-dist/tex/latex/booktabs/booktabs.sty
Package: booktabs 2005/04/14 v1.61803 publication quality tables
\heavyrulewidth=\dimen121
\lightrulewidth=\dimen122
\cmidrulewidth=\dimen123
\belowrulesep=\dimen124
\belowbottomsep=\dimen125
\aboverulesep=\dimen126
\abovetopsep=\dimen127
\cmidrulesep=\dimen128
\cmidrulekern=\dimen129
\defaultaddspace=\dimen130
\@cmidla=\count107
\@cmidlb=\count108
\@aboverulesep=\dimen131
\@belowrulesep=\dimen132
\@thisruleclass=\count109
\@lastruleclass=\count110
\@thisrulewidth=\dimen133
)
(/usr/share/texlive/texmf-dist/tex/latex/nomencl/nomencl.sty
Package: nomencl 2005/09/22 v4.2 Nomenclature package (LN)
\nomlabelwidth=\dimen134
\nom@tempdim=\dimen135
\nomitemsep=\skip57
)
(/usr/share/texlive/texmf-dist/tex/latex/appendix/appendix.sty
Package: appendix 2009/09/02 v1.2b extra appendix facilities
\c@@pps=\count111
\c@@ppsavesec=\count112
\c@@ppsaveapp=\count113
)
(/usr/share/texlive/texmf-dist/tex/latex/multirow/multirow.sty
\bigstrutjot=\dimen136
)
(/usr/share/texlive/texmf-dist/tex/latex/subfig/subfig.sty
Package: subfig 2005/06/28 ver: 1.3 subfig package

(/usr/share/texlive/texmf-dist/tex/latex/caption/caption.sty
Package: caption 2016/02/21 v3.3-144 Customizing captions (AR)

(/usr/share/texlive/texmf-dist/tex/latex/caption/caption3.sty
Package: caption3 2016/02/04 v1.7-139 caption3 kernel (AR)
Package caption3 Info: TeX engine: e-TeX on input line 67.
\captionmargin=\dimen137
\captionmargin@=\dimen138
\captionwidth=\dimen139
\caption@tempdima=\dimen140
\caption@indent=\dimen141
\caption@parindent=\dimen142
\caption@hangindent=\dimen143
Package caption Info: Unknown document class (or package),
(caption)             standard defaults will be used.
)

Package caption Warning: Unsupported document class (or package) detected,
(caption)                usage of the caption package is not recommended.
See the caption package documentation for explanation.

Package caption Info: \@makecaption = \long macro:#1#2->\addvspace {\abovecapti
onskip } \sbox \@tempboxa {\textbf {#1.} #2}\ifdim \wd \@tempboxa >\hsize \text
bf {#1.} #2\par \else \global \@minipagefalse \hb@xt@ \hsize {\hfil \box \@temp
boxa \hfil }\fi \par \vskip \belowcaptionskip \par .
\c@ContinuedFloat=\count114
Package caption Info: rotating package is loaded.
)
\c@KVtest=\count115
\sf@farskip=\skip58
\sf@captopadj=\dimen144
\sf@capskip=\skip59
\sf@nearskip=\skip60
\c@subfigure=\count116
\c@subfigure@save=\count117
\c@lofdepth=\count118
\c@subtable=\count119
\c@subtable@save=\count120
\c@lotdepth=\count121
\sf@top=\skip61
\sf@bottom=\skip62
) (/usr/share/texlive/texmf-dist/tex/latex/relsize/relsize.sty
Package: relsize 2013/03/29 ver 4.1
)
(/usr/share/texlive/texmf-dist/tex/latex/units/units.sty
Package: units 1998/08/04 v0.9b Typesetting units

(/usr/share/texlive/texmf-dist/tex/latex/units/nicefrac.sty
Package: nicefrac 1998/08/04 v0.9b Nice fractions
\L@UnitsRaiseDisplaystyle=\skip63
\L@UnitsRaiseTextstyle=\skip64
\L@UnitsRaiseScriptstyle=\skip65
))
(/usr/share/texlive/texmf-dist/tex/latex/footmisc/footmisc.sty
Package: footmisc 2011/06/06 v5.5b a miscellany of footnote facilities
\FN@temptoken=\toks29
\footnotemargin=\dimen145
\c@pp@next@reset=\count122
Package footmisc Info: Declaring symbol style bringhurst on input line 855.
Package footmisc Info: Declaring symbol style chicago on input line 863.
Package footmisc Info: Declaring symbol style wiley on input line 872.
Package footmisc Info: Declaring symbol style lamport-robust on input line 883.

Package footmisc Info: Declaring symbol style lamport* on input line 903.
Package footmisc Info: Declaring symbol style lamport*-robust on input line 924
.
)
(/usr/share/texlive/texmf-dist/tex/generic/ulem/ulem.sty
\UL@box=\box31
\UL@hyphenbox=\box32
\UL@skip=\skip66
\UL@hook=\toks30
\UL@height=\dimen146
\UL@pe=\count123
\UL@pixel=\dimen147
\ULC@box=\box33
Package: ulem 2012/05/18
\ULdepth=\dimen148
)
(/usr/share/texlive/texmf-dist/tex/latex/tools/longtable.sty
Package: longtable 2014/10/28 v4.11 Multi-page Table package (DPC)
\LTleft=\skip67
\LTright=\skip68
\LTpre=\skip69
\LTpost=\skip70
\LTchunksize=\count124
\LTcapwidth=\dimen149
\LT@head=\box34
\LT@firsthead=\box35
\LT@foot=\box36
\LT@lastfoot=\box37
\LT@cols=\count125
\LT@rows=\count126
\c@LT@tables=\count127
\c@LT@chunks=\count128
\LT@p@ftn=\toks31
)
(/usr/share/texlive/texmf-dist/tex/latex/url/url.sty
\Urlmuskip=\muskip11
Package: url 2013/09/16  ver 3.4  Verb mode for urls, etc.
)
(/usr/share/texlive/texmf-dist/tex/latex/float/float.sty
Package: float 2001/11/08 v1.3d Float enhancements (AL)
\c@float@type=\count129
\float@exts=\toks32
\float@box=\box38
\@float@everytoks=\toks33
\@floatcapt=\box39
)
(/usr/share/texlive/texmf-dist/tex/latex/pdfpages/pdfpages.sty
Package: pdfpages 2015/09/18 v0.5d Insert pages of external PDF documents (AM)

(/usr/share/texlive/texmf-dist/tex/latex/tools/calc.sty
Package: calc 2014/10/28 v4.3 Infix arithmetic (KKT,FJ)
\calc@Acount=\count130
\calc@Bcount=\count131
\calc@Adimen=\dimen150
\calc@Bdimen=\dimen151
\calc@Askip=\skip71
\calc@Bskip=\skip72
LaTeX Info: Redefining \setlength on input line 80.
LaTeX Info: Redefining \addtolength on input line 81.
\calc@Ccount=\count132
\calc@Cskip=\skip73
)
(/usr/share/texlive/texmf-dist/tex/latex/eso-pic/eso-pic.sty
Package: eso-pic 2015/07/21 v2.0g eso-pic (RN)

(/usr/share/texlive/texmf-dist/tex/generic/oberdiek/atbegshi.sty
Package: atbegshi 2011/10/05 v1.16 At begin shipout hook (HO)

(/usr/share/texlive/texmf-dist/tex/generic/oberdiek/ifpdf.sty
Package: ifpdf 2011/01/30 v2.3 Provides the ifpdf switch (HO)
Package ifpdf Info: pdfTeX in PDF mode is detected.
)))
\AM@pagewidth=\dimen152
\AM@pageheight=\dimen153

(/usr/share/texlive/texmf-dist/tex/latex/pdfpages/pppdftex.def
File: pppdftex.def 2015/09/18 v0.5d Pdfpages driver for pdfTeX (AM)
)
\AM@pagebox=\box40
\AM@toc@title=\toks34
\c@AM@survey=\count133
\AM@templatesizebox=\box41
)
(/usr/share/texlive/texmf-dist/tex/latex/hyperref/hyperref.sty
Package: hyperref 2012/11/06 v6.83m Hypertext links for LaTeX

(/usr/share/texlive/texmf-dist/tex/generic/oberdiek/hobsub-hyperref.sty
Package: hobsub-hyperref 2012/05/28 v1.13 Bundle oberdiek, subset hyperref (HO)


(/usr/share/texlive/texmf-dist/tex/generic/oberdiek/hobsub-generic.sty
Package: hobsub-generic 2012/05/28 v1.13 Bundle oberdiek, subset generic (HO)
Package: hobsub 2012/05/28 v1.13 Construct package bundles (HO)
Package hobsub Info: Skipping package `infwarerr' (already loaded).
Package hobsub Info: Skipping package `ltxcmds' (already loaded).
Package: ifluatex 2010/03/01 v1.3 Provides the ifluatex switch (HO)
Package ifluatex Info: LuaTeX not detected.
Package: ifvtex 2010/03/01 v1.5 Detect VTeX and its facilities (HO)
Package ifvtex Info: VTeX not detected.
Package: intcalc 2007/09/27 v1.1 Expandable calculations with integers (HO)
Package hobsub Info: Skipping package `ifpdf' (already loaded).
Package: etexcmds 2011/02/16 v1.5 Avoid name clashes with e-TeX commands (HO)
Package etexcmds Info: Could not find \expanded.
(etexcmds)             That can mean that you are not using pdfTeX 1.50 or
(etexcmds)             that some package has redefined \expanded.
(etexcmds)             In the latter case, load this package earlier.
Package: kvsetkeys 2012/04/25 v1.16 Key value parser (HO)
Package: kvdefinekeys 2011/04/07 v1.3 Define keys (HO)
Package: pdftexcmds 2011/11/29 v0.20 Utility functions of pdfTeX for LuaTeX (HO
)
Package pdftexcmds Info: LuaTeX not detected.
Package pdftexcmds Info: \pdf@primitive is available.
Package pdftexcmds Info: \pdf@ifprimitive is available.
Package pdftexcmds Info: \pdfdraftmode found.
Package: pdfescape 2011/11/25 v1.13 Implements pdfTeX's escape features (HO)
Package: bigintcalc 2012/04/08 v1.3 Expandable calculations on big integers (HO
)
Package: bitset 2011/01/30 v1.1 Handle bit-vector datatype (HO)
Package: uniquecounter 2011/01/30 v1.2 Provide unlimited unique counter (HO)
)
Package hobsub Info: Skipping package `hobsub' (already loaded).
Package: letltxmacro 2010/09/02 v1.4 Let assignment for LaTeX macros (HO)
Package: hopatch 2012/05/28 v1.2 Wrapper for package hooks (HO)
Package: xcolor-patch 2011/01/30 xcolor patch
Package: atveryend 2011/06/30 v1.8 Hooks at the very end of document (HO)
Package hobsub Info: Skipping package `atbegshi' (already loaded).
Package: refcount 2011/10/16 v3.4 Data extraction from label references (HO)
Package: hycolor 2011/01/30 v1.7 Color options for hyperref/bookmark (HO)
)
(/usr/share/texlive/texmf-dist/tex/generic/ifxetex/ifxetex.sty
Package: ifxetex 2010/09/12 v0.6 Provides ifxetex conditional
)
(/usr/share/texlive/texmf-dist/tex/latex/oberdiek/auxhook.sty
Package: auxhook 2011/03/04 v1.3 Hooks for auxiliary files (HO)
)
(/usr/share/texlive/texmf-dist/tex/latex/oberdiek/kvoptions.sty
Package: kvoptions 2011/06/30 v3.11 Key value format for package options (HO)
)
\@linkdim=\dimen154
\Hy@linkcounter=\count134
\Hy@pagecounter=\count135

(/usr/share/texlive/texmf-dist/tex/latex/hyperref/pd1enc.def
File: pd1enc.def 2012/11/06 v6.83m Hyperref: PDFDocEncoding definition (HO)
)
\Hy@SavedSpaceFactor=\count136

(/usr/share/texlive/texmf-dist/tex/latex/latexconfig/hyperref.cfg
File: hyperref.cfg 2002/06/06 v1.2 hyperref configuration of TeXLive
)
Package hyperref Info: Option `bookmarks' set `true' on input line 4319.
Package hyperref Info: Option `colorlinks' set `true' on input line 4319.
Package hyperref Info: Hyper figures OFF on input line 4443.
Package hyperref Info: Link nesting OFF on input line 4448.
Package hyperref Info: Hyper index ON on input line 4451.
Package hyperref Info: Plain pages OFF on input line 4458.
Package hyperref Info: Backreferencing OFF on input line 4463.
Package hyperref Info: Implicit mode ON; LaTeX internals redefined.
Package hyperref Info: Bookmarks ON on input line 4688.
\c@Hy@tempcnt=\count137
LaTeX Info: Redefining \url on input line 5041.
\XeTeXLinkMargin=\dimen155
\Fld@menulength=\count138
\Field@Width=\dimen156
\Fld@charsize=\dimen157
Package hyperref Info: Hyper figures OFF on input line 6295.
Package hyperref Info: Link nesting OFF on input line 6300.
Package hyperref Info: Hyper index ON on input line 6303.
Package hyperref Info: backreferencing OFF on input line 6310.
Package hyperref Info: Link coloring ON on input line 6313.
Package hyperref Info: Link coloring with OCG OFF on input line 6320.
Package hyperref Info: PDF/A mode OFF on input line 6325.
LaTeX Info: Redefining \ref on input line 6365.
LaTeX Info: Redefining \pageref on input line 6369.
\Hy@abspage=\count139
\c@Item=\count140
\c@Hfootnote=\count141
)

Package hyperref Message: Driver (autodetected): hpdftex.

(/usr/share/texlive/texmf-dist/tex/latex/hyperref/hpdftex.def
File: hpdftex.def 2012/11/06 v6.83m Hyperref driver for pdfTeX
\Fld@listcount=\count142
\c@bookmark@seq@number=\count143

(/usr/share/texlive/texmf-dist/tex/latex/oberdiek/rerunfilecheck.sty
Package: rerunfilecheck 2011/04/15 v1.7 Rerun checks for auxiliary files (HO)
Package uniquecounter Info: New unique counter `rerunfilecheck' on input line 2
82.
)
\Hy@SectionHShift=\skip74
)
\c@theorem=\count144

Include comment 'figs'
\@nomenclaturefile=\write4
\openout4 = `thesis.nlo'.


Writing nomenclature file thesis.nlo
)
Disabled uppercase in PDF strings
(./thesis.aux (./abstract.aux) (./chapters/introduction.aux)
(./chapters/theory.aux

LaTeX Warning: Label `eq:lawofwall' multiply defined.


LaTeX Warning: Label `eq:lawofwallT' multiply defined.

) (./chapters/methods.aux) (./chapters/facility.aux) (./chapters/results.aux

LaTeX Warning: Label `sec:Foil Design' multiply defined.

) (./appendices/numerical-test-bed.aux) (./appendices/more-extra-stuff.aux))
\openout1 = `thesis.aux'.

LaTeX Font Info:    Checking defaults for OML/cmm/m/it on input line 7.
LaTeX Font Info:    ... okay on input line 7.
LaTeX Font Info:    Checking defaults for T1/cmr/m/n on input line 7.
LaTeX Font Info:    ... okay on input line 7.
LaTeX Font Info:    Checking defaults for OT1/cmr/m/n on input line 7.
LaTeX Font Info:    ... okay on input line 7.
LaTeX Font Info:    Checking defaults for OMS/cmsy/m/n on input line 7.
LaTeX Font Info:    ... okay on input line 7.
LaTeX Font Info:    Checking defaults for OMX/cmex/m/n on input line 7.
LaTeX Font Info:    ... okay on input line 7.
LaTeX Font Info:    Checking defaults for U/cmr/m/n on input line 7.
LaTeX Font Info:    ... okay on input line 7.
LaTeX Font Info:    Checking defaults for TS1/cmr/m/n on input line 7.
LaTeX Font Info:    Try loading font information for TS1+cmr on input line 7.

(/usr/share/texlive/texmf-dist/tex/latex/base/ts1cmr.fd
File: ts1cmr.fd 2014/09/29 v2.5h Standard LaTeX font definitions
)
LaTeX Font Info:    ... okay on input line 7.
LaTeX Font Info:    Checking defaults for PD1/pdf/m/n on input line 7.
LaTeX Font Info:    ... okay on input line 7.
LaTeX Font Info:    Try loading font information for T1+ptm on input line 7.

(/usr/share/texlive/texmf-dist/tex/latex/psnfss/t1ptm.fd
File: t1ptm.fd 2001/06/04 font definitions for T1/ptm.
)
(/usr/share/texlive/texmf-dist/tex/context/base/supp-pdf.mkii
[Loading MPS to PDF converter (version 2006.09.02).]
\scratchcounter=\count145
\scratchdimen=\dimen158
\scratchbox=\box42
\nofMPsegments=\count146
\nofMParguments=\count147
\everyMPshowfont=\toks35
\MPscratchCnt=\count148
\MPscratchDim=\dimen159
\MPnumerator=\count149
\makeMPintoPDFobject=\count150
\everyMPtoPDFconversion=\toks36
) (/usr/share/texlive/texmf-dist/tex/latex/oberdiek/epstopdf-base.sty
Package: epstopdf-base 2010/02/09 v2.5 Base part for package epstopdf

(/usr/share/texlive/texmf-dist/tex/latex/oberdiek/grfext.sty
Package: grfext 2010/08/19 v1.1 Manage graphics extensions (HO)
)
Package grfext Info: Graphics extension search list:
(grfext)             [.png,.pdf,.jpg,.mps,.jpeg,.jbig2,.jb2,.PNG,.PDF,.JPG,.JPE
G,.JBIG2,.JB2,.eps]
(grfext)             \AppendGraphicsExtensions on input line 452.

(/usr/share/texlive/texmf-dist/tex/latex/latexconfig/epstopdf-sys.cfg
File: epstopdf-sys.cfg 2010/07/13 v1.3 Configuration of (r)epstopdf for TeX Liv
e
))
Package caption Info: Begin \AtBeginDocument code.
Package caption Info: subfig package v1.3 is loaded.
Package caption Info: float package is loaded.
Package caption Info: hyperref package is loaded.
Package caption Info: longtable package is loaded.

(/usr/share/texlive/texmf-dist/tex/latex/caption/ltcaption.sty
Package: ltcaption 2013/06/09 v1.4-94 longtable captions (AR)
)
Package caption Info: End \AtBeginDocument code.
\AtBeginShipoutBox=\box43

(/usr/share/texlive/texmf-dist/tex/latex/oberdiek/pdflscape.sty
Package: pdflscape 2008/08/11 v0.10 Display of landscape pages in PDF (HO)

(/usr/share/texlive/texmf-dist/tex/latex/graphics/lscape.sty
Package: lscape 2000/10/22 v3.01 Landscape Pages (DPC)
)
Package pdflscape Info: Auto-detected driver: pdftex on input line 80.
)
Package hyperref Info: Link coloring ON on input line 7.

(/usr/share/texlive/texmf-dist/tex/latex/hyperref/nameref.sty
Package: nameref 2012/10/27 v2.43 Cross-referencing by name of section

(/usr/share/texlive/texmf-dist/tex/generic/oberdiek/gettitlestring.sty
Package: gettitlestring 2010/12/03 v1.4 Cleanup title references (HO)
)
\c@section@level=\count151
)
LaTeX Info: Redefining \ref on input line 7.
LaTeX Info: Redefining \pageref on input line 7.
LaTeX Info: Redefining \nameref on input line 7.

(./thesis.out) (./thesis.out)
\@outlinefile=\write5
\openout5 = `thesis.out'.

 (./cover.tex)
LaTeX Font Info:    Font shape `T1/ptm/bx/n' in size <12> not available
(Font)              Font shape `T1/ptm/b/n' tried instead on input line 10.
 (./copyright.tex [1

{/var/lib/texmf/fonts/map/pdftex/updmap/pdftex.map}]
LaTeX Font Info:    Try loading font information for TS1+ptm on input line 2.

(/usr/share/texlive/texmf-dist/tex/latex/psnfss/ts1ptm.fd
File: ts1ptm.fd 2001/06/04 font definitions for TS1/ptm.
)) (./committee.tex
[2]
LaTeX Font Info:    Font shape `T1/ptm/bx/n' in size <10.95> not available
(Font)              Font shape `T1/ptm/b/n' tried instead on input line 33.

Underfull \hbox (badness 10000) in paragraph at lines 33--33

 []

LaTeX Font Info:    Try loading font information for U+msa on input line 33.
(/usr/share/texlive/texmf-dist/tex/latex/amsfonts/umsa.fd
File: umsa.fd 2013/01/14 v3.01 AMS symbols A
)
LaTeX Font Info:    Try loading font information for U+msb on input line 33.

(/usr/share/texlive/texmf-dist/tex/latex/amsfonts/umsb.fd
File: umsb.fd 2013/01/14 v3.01 AMS symbols B
)
LaTeX Font Info:    Try loading font information for U+wasy on input line 33.

(/usr/share/texlive/texmf-dist/tex/latex/wasysym/uwasy.fd
File: uwasy.fd 2003/10/30 v2.0 Wasy-2 symbol font definitions
))
(./acknowledgments.tex [3]
LaTeX Font Info:    Font shape `T1/ptm/bx/n' in size <14.4> not available
(Font)              Font shape `T1/ptm/b/n' tried instead on input line 1.
 [4

]

Package hyperref Warning: bookmark level for unknown FrontMatter defaults to 0.


) [5

] (./thesis.toc [6

])
\tf@toc=\write6
\openout6 = `thesis.toc'.

 [7]
No file thesis.nls.
(./thesis.lot)
\tf@lot=\write7
\openout7 = `thesis.lot'.

 [8

] (./thesis.lof)
\tf@lof=\write8
\openout8 = `thesis.lof'.

 [9

]
\openout2 = `abstract.aux'.

 (./abstract.tex
LaTeX Font Info:    Font shape `T1/ptm/bx/n' in size <17.28> not available
(Font)              Font shape `T1/ptm/b/n' tried instead on input line 1.
 [10

])
\openout2 = `chapters/introduction.aux'.


(./chapters/introduction.tex
Chapter 1.

Package hyperref Warning: bookmark level for unknown Chapter defaults to 0.


LaTeX Warning: Citation `Prandtl1905' on page 1 undefined on input line 3.


LaTeX Warning: Citation `Kays1980' on page 1 undefined on input line 3.


LaTeX Warning: Citation `Fox2012' on page 1 undefined on input line 3.


LaTeX Warning: Citation `Clauser1956' on page 1 undefined on input line 3.


LaTeX Warning: Citation `Sreenivasan1997' on page 1 undefined on input line 3.


LaTeX Warning: Citation `Sreenivasan1999' on page 1 undefined on input line 3.


LaTeX Warning: Citation `Jimenez2012' on page 1 undefined on input line 3.

[1




]

LaTeX Warning: Citation `Adrian2000' on page 2 undefined on input line 11.

[2]

LaTeX Warning: Citation `Silva2017' on page 3 undefined on input line 13.


LaTeX Warning: Citation `Silva2017' on page 3 undefined on input line 13.


LaTeX Warning: Citation `Silva2017' on page 3 undefined on input line 13.


LaTeX Warning: Citation `prandtl1908' on page 3 undefined on input line 17.


LaTeX Warning: Citation `Kays1980' on page 3 undefined on input line 17.


LaTeX Warning: Citation `Fox2012' on page 3 undefined on input line 17.


LaTeX Warning: Citation `Clauser1956' on page 3 undefined on input line 17.


LaTeX Warning: Citation `Sreenivasan1997' on page 3 undefined on input line 17.



LaTeX Warning: Citation `Sreenivasan1999' on page 3 undefined on input line 17.



LaTeX Warning: Citation `Jimenez2012' on page 3 undefined on input line 17.


LaTeX Warning: Citation `Hara2009' on page 3 undefined on input line 17.

[3]

LaTeX Warning: Citation `townsend1976' on page 4 undefined on input line 19.


LaTeX Warning: Citation `Nagib2008' on page 4 undefined on input line 25.

[4]

LaTeX Warning: Citation `kader1972' on page 5 undefined on input line 32.


LaTeX Warning: Citation `townsend1976' on page 5 undefined on input line 34.


LaTeX Warning: Citation `Antonia1977' on page 5 undefined on input line 34.


LaTeX Warning: Citation `Bradshaw1972a' on page 5 undefined on input line 34.


LaTeX Warning: Citation `Bandyopadhyay1993' on page 5 undefined on input line 3
4.


LaTeX Warning: Citation `Castro1998' on page 5 undefined on input line 34.


LaTeX Warning: Citation `Blackwell_1972' on page 5 undefined on input line 36.


LaTeX Warning: Citation `Kader1991' on page 5 undefined on input line 36.


LaTeX Warning: Citation `Bradshaw1995' on page 5 undefined on input line 36.


LaTeX Warning: Citation `Kong2001' on page 5 undefined on input line 36.


LaTeX Warning: Citation `Houra2006' on page 5 undefined on input line 36.


LaTeX Warning: Citation `Wang2008' on page 5 undefined on input line 36.


LaTeX Warning: Citation `Bradshaw1995' on page 5 undefined on input line 36.


LaTeX Warning: Citation `Durbin1992' on page 5 undefined on input line 37.


LaTeX Warning: Citation `George1993' on page 5 undefined on input line 37.


LaTeX Warning: Citation `Cruz1998' on page 5 undefined on input line 37.


LaTeX Warning: Citation `Cruz2002' on page 5 undefined on input line 37.


LaTeX Warning: Citation `Wang2008' on page 5 undefined on input line 37.


LaTeX Warning: Citation `Cebeci1988' on page 5 undefined on input line 37.

[5]

LaTeX Warning: Citation `Launder1988' on page 6 undefined on input line 39.


LaTeX Warning: Citation `Perry1966' on page 6 undefined on input line 47.


LaTeX Warning: Citation `Blackwell_1972' on page 6 undefined on input line 47.


LaTeX Warning: Citation `Araya2012' on page 6 undefined on input line 47.

) [6] [7]
\openout2 = `chapters/theory.aux'.

 (./chapters/theory.tex
Chapter 2.

LaTeX Warning: Citation `townsend1976' on page 8 undefined on input line 3.


LaTeX Warning: Citation `Nagib2008' on page 8 undefined on input line 9.


LaTeX Warning: Citation `townsend1976' on page 8 undefined on input line 17.


LaTeX Warning: Citation `Antonia1977' on page 8 undefined on input line 17.


LaTeX Warning: Citation `Bradshaw1972a' on page 8 undefined on input line 17.


LaTeX Warning: Citation `Bandyopadhyay1993' on page 8 undefined on input line 1
7.


LaTeX Warning: Citation `Castro1998' on page 8 undefined on input line 17.

[8



]

LaTeX Warning: Citation `Blackwell_1972' on page 9 undefined on input line 19.


LaTeX Warning: Citation `Kader1991' on page 9 undefined on input line 19.


LaTeX Warning: Citation `Bradshaw1995' on page 9 undefined on input line 19.


LaTeX Warning: Citation `Kong2001' on page 9 undefined on input line 19.


LaTeX Warning: Citation `Houra2006' on page 9 undefined on input line 19.


LaTeX Warning: Citation `Wang2008' on page 9 undefined on input line 19.


LaTeX Warning: Citation `Bradshaw1995' on page 9 undefined on input line 19.


LaTeX Warning: Citation `Durbin1992' on page 9 undefined on input line 19.


LaTeX Warning: Citation `George1993' on page 9 undefined on input line 19.


LaTeX Warning: Citation `Cruz1998' on page 9 undefined on input line 19.


LaTeX Warning: Citation `Cruz2002' on page 9 undefined on input line 19.


LaTeX Warning: Citation `Wang2008' on page 9 undefined on input line 19.


LaTeX Warning: Citation `Cebeci1988' on page 9 undefined on input line 19.

[9]

LaTeX Warning: Citation `Perry1966' on page 10 undefined on input line 21.


LaTeX Warning: Citation `Blackwell_1972' on page 10 undefined on input line 21.



LaTeX Warning: Citation `Araya2012' on page 10 undefined on input line 21.

) [10]
\openout2 = `chapters/methods.aux'.

 (./chapters/methods.tex
Chapter 3.
) [11



]
\openout2 = `chapters/facility.aux'.

 (./chapters/facility.tex
Chapter 4.

LaTeX Warning: Reference `fig:tunnel' on page 12 undefined on input line 7.


LaTeX Warning: Citation `R.Narasimha1994' on page 12 undefined on input line 21
.

<figures/facility/rotor_stator.png, id=298, 855.6768pt x 275.1078pt>
File: figures/facility/rotor_stator.png Graphic file (type png)

<use figures/facility/rotor_stator.png>
Package pdftex.def Info: figures/facility/rotor_stator.png used on input line 2
5.
(pdftex.def)             Requested size: 427.83736pt x 137.55356pt.
 [12



] [13 <./figures/facility/rotor_stator.png>]

LaTeX Warning: Reference `fig:inlet' on page 14 undefined on input line 34.


LaTeX Warning: Reference `fig:inlet' on page 14 undefined on input line 36.


LaTeX Warning: Citation `Shakerin1995' on page 14 undefined on input line 36.


LaTeX Warning: Reference `fig:wallplate' on page 14 undefined on input line 41.



LaTeX Warning: Citation `Blackwell_1972' on page 14 undefined on input line 41.


[14] [15]
<figures/facility/circuit_diagram_v2.png, id=320, 226.9278pt x 137.7948pt>
File: figures/facility/circuit_diagram_v2.png Graphic file (type png)

<use figures/facility/circuit_diagram_v2.png>
Package pdftex.def Info: figures/facility/circuit_diagram_v2.png used on input 
line 62.
(pdftex.def)             Requested size: 226.92723pt x 137.79445pt.


LaTeX Warning: Citation `Peters1993' on page 16 undefined on input line 71.


LaTeX Warning: Citation `Weng2016' on page 16 undefined on input line 71.

[16 <./figures/facility/circuit_diagram_v2.png>]

LaTeX Warning: Citation `K.Al-Asmi1993' on page 17 undefined on input line 73.

[17] [18]

LaTeX Warning: Reference `fig:IR-ZPG' on page 19 undefined on input line 106.


LaTeX Warning: Reference `fig:IR-ZPG' on page 19 undefined on input line 106.


LaTeX Warning: Reference `fig:IR-ZPG' on page 19 undefined on input line 106.


LaTeX Warning: Citation `Shea2014' on page 19 undefined on input line 117.


LaTeX Warning: Reference `fig:ZPG-velocity' on page 19 undefined on input line 
117.


LaTeX Warning: Reference `fig:ZPG-velocity' on page 19 undefined on input line 
117.


LaTeX Warning: Citation `Mehdi2011' on page 19 undefined on input line 117.

[19]

LaTeX Warning: Reference `fig:ZPG-temp' on page 20 undefined on input line 142.



LaTeX Warning: Reference `fig:ZPG-temp' on page 20 undefined on input line 142.


<figures/facility/therm_step_IR_v6.png, id=344, 595.5048pt x 258.2448pt>
File: figures/facility/therm_step_IR_v6.png Graphic file (type png)

<use figures/facility/therm_step_IR_v6.png>
Package pdftex.def Info: figures/facility/therm_step_IR_v6.png used on input li
ne 173.
(pdftex.def)             Requested size: 297.75168pt x 129.12207pt.
 [20]

LaTeX Warning: Citation `Antonia1977' on page 21 undefined on input line 178.


LaTeX Warning: Citation `Hoffmann1979' on page 21 undefined on input line 178.


LaTeX Warning: Citation `Moretti1965' on page 21 undefined on input line 178.

[21 <./figures/facility/therm_step_IR_v6.png>]

LaTeX Warning: Citation `Moretti1965' on page 22 undefined on input line 182.

Package epstopdf Info: Source file: <figures/facility/hemi_IR.eps>
(epstopdf)                    date: 2018-08-01 20:38:40
(epstopdf)                    size: 2379194 bytes
(epstopdf)             Output file: <figures/facility/hemi_IR-eps-converted-to.
pdf>
(epstopdf)                    date: 2018-08-02 01:28:54
(epstopdf)                    size: 225205 bytes
(epstopdf)             Command: <repstopdf --outfile=figures/facility/hemi_IR-e
ps-converted-to.pdf figures/facility/hemi_IR.eps>
(epstopdf)             \includegraphics on input line 195.
Package epstopdf Info: Output file is already uptodate.

<figures/facility/hemi_IR-eps-converted-to.pdf, id=359, 524.96124pt x 313.17pt>
File: figures/facility/hemi_IR-eps-converted-to.pdf Graphic file (type pdf)
<use figures/facility/hemi_IR-eps-converted-to.pdf>
Package pdftex.def Info: figures/facility/hemi_IR-eps-converted-to.pdf used on 
input line 195.
(pdftex.def)             Requested size: 393.71997pt x 234.8769pt.


LaTeX Warning: Reference `fig:Step-temp' on page 22 undefined on input line 200
.

[22 <./figures/facility/hemi_IR-eps-converted-to.pdf>]

LaTeX Warning: Citation `Antonia1977' on page 23 undefined on input line 206.


LaTeX Warning: Citation `Reynolds1958' on page 23 undefined on input line 214.


LaTeX Warning: Citation `Reynolds1958' on page 23 undefined on input line 214.


LaTeX Warning: Citation `Hoffmann1979' on page 23 undefined on input line 214.


LaTeX Warning: Citation `simpson2001' on page 23 undefined on input line 221.


LaTeX Warning: Citation `Savory1986' on page 23 undefined on input line 221.


LaTeX Warning: Citation `Hansen1975' on page 23 undefined on input line 221.

[23]

LaTeX Warning: Citation `Chyu1996' on page 24 undefined on input line 227.

<figures/facility/hemi_cartoon_v3.png, id=385, 1371.2028pt x 771.1209pt>
File: figures/facility/hemi_cartoon_v3.png Graphic file (type png)

<use figures/facility/hemi_cartoon_v3.png>
Package pdftex.def Info: figures/facility/hemi_cartoon_v3.png used on input lin
e 231.
(pdftex.def)             Requested size: 411.36401pt x 231.33806pt.


LaTeX Warning: `!h' float specifier changed to `!ht'.

[24] [25 <./figures/facility/hemi_cartoon_v3.png (PNG copy)>]
<figures/facility/hemi_multicontrollers_profile.png, id=396, 722.7pt x 433.62pt
>
File: figures/facility/hemi_multicontrollers_profile.png Graphic file (type png
)
 <use figures/facility/hemi_multicontrollers_profile.png>
Package pdftex.def Info: figures/facility/hemi_multicontrollers_profile.png use
d on input line 243.
(pdftex.def)             Requested size: 469.75499pt x 281.85628pt.
) [26 <./figures/facility/hemi_multicontrollers_profile.png>]
\openout2 = `chapters/results.aux'.

 (./chapters/results.tex
Chapter 5.
) [27



] (./thesis.bbl

Package hyperref Warning: bookmark level for unknown BackMatter defaults to 0.

) [28


]
\openout2 = `appendices/numerical-test-bed.aux'.

 (./appendices/numerical-test-bed.tex
Appendix A.

Package hyperref Warning: bookmark level for unknown Appendix defaults to 0.

) [29


]
\openout2 = `appendices/more-extra-stuff.aux'.

 (./appendices/more-extra-stuff.tex
Appendix B.
) [30



]
Package atveryend Info: Empty hook `BeforeClearDocument' on input line 34.
Package atveryend Info: Empty hook `AfterLastShipout' on input line 34.
 (./thesis.aux (./abstract.aux) (./chapters/introduction.aux)
(./chapters/theory.aux) (./chapters/methods.aux) (./chapters/facility.aux)
(./chapters/results.aux) (./appendices/numerical-test-bed.aux)
(./appendices/more-extra-stuff.aux))
Package atveryend Info: Executing hook `AtVeryEndDocument' on input line 34.
Package atveryend Info: Executing hook `AtEndAfterFileList' on input line 34.
Package rerunfilecheck Info: File `thesis.out' has not changed.
(rerunfilecheck)             Checksum: DEAA27775F796CCDF5929DD03C519B22;1760.


LaTeX Warning: There were undefined references.


LaTeX Warning: There were multiply-defined labels.

 ) 
Here is how much of TeX's memory you used:
 11170 strings out of 494910
 162118 string characters out of 6179837
 263916 words of memory out of 5000000
 14056 multiletter control sequences out of 15000+600000
 47515 words of font info for 79 fonts, out of 8000000 for 9000
 37 hyphenation exceptions out of 8191
 46i,11n,42p,2133b,390s stack positions out of 5000i,500n,10000p,200000b,80000s
{/usr/share/texlive/texmf-dist/fonts/enc/dvips/base/8r.enc}</usr/share/texliv
e/texmf-dist/fonts/type1/public/amsfonts/cm/cmex10.pfb></usr/share/texlive/texm
f-dist/fonts/type1/public/amsfonts/cm/cmmi12.pfb></usr/share/texlive/texmf-dist
/fonts/type1/public/amsfonts/cm/cmmi8.pfb></usr/share/texlive/texmf-dist/fonts/
type1/public/amsfonts/cm/cmr12.pfb></usr/share/texlive/texmf-dist/fonts/type1/p
ublic/amsfonts/cm/cmr8.pfb></usr/share/texlive/texmf-dist/fonts/type1/public/am
sfonts/cm/cmsy10.pfb></usr/share/texlive/texmf-dist/fonts/type1/public/amsfonts
/cm/cmsy8.pfb></usr/share/texlive/texmf-dist/fonts/type1/public/amsfonts/symbol
s/msam10.pfb></usr/share/texlive/texmf-dist/fonts/type1/urw/times/utmb8a.pfb></
usr/share/texlive/texmf-dist/fonts/type1/urw/times/utmr8a.pfb></usr/share/texli
ve/texmf-dist/fonts/type1/urw/times/utmri8a.pfb>
Output written on thesis.pdf (40 pages, 1301881 bytes).
PDF statistics:
 484 PDF objects out of 1000 (max. 8388607)
 412 compressed objects within 5 object streams
 88 named destinations out of 1000 (max. 500000)
 247 words of extra memory for PDF output out of 10000 (max. 10000000)

